d:\Program Files (x86)\Microsoft Visual Studio\2017\Enterprise\Common7\IDE\VC\VCTargets\Microsoft.CppBuild.targets(391,5): warning MSB8028: The intermediate directory (x64\Release\) contains files shared from another project (GraphicElementsArrangement.vcxproj).  This can lead to incorrect clean and rebuild behavior.
  Moc'ing SwitchWidget.h...
  Moc'ing LinkPropertyWidget.h...
  Moc'ing ArcWidget.h...
  Moc'ing BGArc.h...
  Moc'ing BGGroup.h...
  Moc'ing BGLink.h...
  Moc'ing BGRectBase.h...
  Moc'ing TransformWidget.h...
  Moc'ing IBasicGraphicItem.h...
E:\QT Project\DiagramProject\PGM\Diagram\IBasicGraphicItem.h(80): warning : Class IBasicGraphicItem implements the interface QGraphicsItem but does not list it in Q_INTERFACES. qobject_cast to QGraphicsItem will not work!
  Moc'ing PenWidget.h...
  Moc'ing IAbstractItem.h...
  Moc'ing GeometryWidget.h...
  Moc'ing GroupWidget.h...
  Moc'ing DataWidget.h...
  Moc'ing LocationWidget.h...
  Moc'ing BrushWidget.h...
  Moc'ing LayerItemList.h...
  Moc'ing LayersWidget.h...
  Moc'ing mygraphicsview.h...
  Moc'ing MainWindow.h...
  Rcc'ing diagram.qrc...
  ArcWidget.cpp
  BGArc.cpp
  BGArea.cpp
  BGGroup.cpp
  BGLine.cpp
  BGLink.cpp
  BGPolygon.cpp
  BGRect.cpp
  BGRectangleText.cpp
  BGRectBase.cpp
  BGSphere.cpp
  BGSphereText.cpp
  BGTextBase.cpp
  BrushWidget.cpp
  DataWidget.cpp
  moc_ArcWidget.cpp
  moc_BGArc.cpp
  moc_BGGroup.cpp
  moc_BGLink.cpp
  moc_BGRectBase.cpp
  Generating Code...
  Compiling...
  moc_BrushWidget.cpp
  moc_DataWidget.cpp
  moc_GeometryWidget.cpp
  moc_GroupWidget.cpp
  moc_IAbstractItem.cpp
  moc_IBasicGraphicItem.cpp
  moc_LayerItemList.cpp
  moc_LayersWidget.cpp
  moc_LinkPropertyWidget.cpp
  moc_LocationWidget.cpp
  moc_MainWindow.cpp
  moc_PenWidget.cpp
  moc_SwitchWidget.cpp
  moc_TransformWidget.cpp
  GeometryWidget.cpp
  GroupWidget.cpp
  IAbstractItem.cpp
  IBasicGraphicItem.cpp
  IIdInterface.cpp
  LinkPropertyWidget.cpp
  Generating Code...
  Compiling...
  LocationWidget.cpp
  MainWindow.cpp
  moc_mygraphicsview.cpp
  LayersWidget.cpp
  LayerItemList.cpp
  main.cpp
  mygraphicsview.cpp
  MyVisScene.cpp
  MyVisView.cpp
  PenWidget.cpp
  PGMNode.cpp
  ProbabilityWidget.cpp
  Swatch.cpp
  SwitchWidget.cpp
  TransformWidget.cpp
  XGSWitch.cpp
  Generating Code...
  qrc_diagram.cpp
  Diagram.vcxproj -> E:\QT Project\DiagramProject\PGM\x64\Release\PGM.exe
