e:\diagramproject\pgm\diagram\x64\release\moc_bgrectbase.obj
e:\diagramproject\pgm\diagram\x64\release\moc_bglink.obj
e:\diagramproject\pgm\diagram\x64\release\moc_bggroup.obj
e:\diagramproject\pgm\diagram\x64\release\moc_bgarc.obj
e:\diagramproject\pgm\diagram\x64\release\moc_arcwidget.obj
e:\diagramproject\pgm\diagram\x64\release\datawidget.obj
e:\diagramproject\pgm\diagram\x64\release\brushwidget.obj
e:\diagramproject\pgm\diagram\x64\release\bgtextbase.obj
e:\diagramproject\pgm\diagram\x64\release\bgspheretext.obj
e:\diagramproject\pgm\diagram\x64\release\bgsphere.obj
e:\diagramproject\pgm\diagram\x64\release\bgrectbase.obj
e:\diagramproject\pgm\diagram\x64\release\bgrectangletext.obj
e:\diagramproject\pgm\diagram\x64\release\bgrect.obj
e:\diagramproject\pgm\diagram\x64\release\bgpolygon.obj
e:\diagramproject\pgm\diagram\x64\release\bglink.obj
e:\diagramproject\pgm\diagram\x64\release\bgline.obj
e:\diagramproject\pgm\diagram\x64\release\bggroup.obj
e:\diagramproject\pgm\diagram\x64\release\bgarea.obj
e:\diagramproject\pgm\diagram\x64\release\bgarc.obj
e:\diagramproject\pgm\diagram\x64\release\arcwidget.obj
e:\diagramproject\pgm\diagram\x64\release\linkpropertywidget.obj
e:\diagramproject\pgm\diagram\x64\release\iidinterface.obj
e:\diagramproject\pgm\diagram\x64\release\ibasicgraphicitem.obj
e:\diagramproject\pgm\diagram\x64\release\iabstractitem.obj
e:\diagramproject\pgm\diagram\x64\release\groupwidget.obj
e:\diagramproject\pgm\diagram\x64\release\geometrywidget.obj
e:\diagramproject\pgm\diagram\x64\release\moc_transformwidget.obj
e:\diagramproject\pgm\diagram\x64\release\moc_switchwidget.obj
e:\diagramproject\pgm\diagram\x64\release\moc_penwidget.obj
e:\diagramproject\pgm\diagram\x64\release\moc_mainwindow.obj
e:\diagramproject\pgm\diagram\x64\release\moc_locationwidget.obj
e:\diagramproject\pgm\diagram\x64\release\moc_linkpropertywidget.obj
e:\diagramproject\pgm\diagram\x64\release\moc_layerswidget.obj
e:\diagramproject\pgm\diagram\x64\release\moc_layeritemlist.obj
e:\diagramproject\pgm\diagram\x64\release\moc_ibasicgraphicitem.obj
e:\diagramproject\pgm\diagram\x64\release\moc_iabstractitem.obj
e:\diagramproject\pgm\diagram\x64\release\moc_groupwidget.obj
e:\diagramproject\pgm\diagram\x64\release\moc_geometrywidget.obj
e:\diagramproject\pgm\diagram\x64\release\moc_datawidget.obj
e:\diagramproject\pgm\diagram\x64\release\moc_brushwidget.obj
e:\diagramproject\pgm\diagram\x64\release\xgswitch.obj
e:\diagramproject\pgm\diagram\x64\release\transformwidget.obj
e:\diagramproject\pgm\diagram\x64\release\switchwidget.obj
e:\diagramproject\pgm\diagram\x64\release\swatch.obj
e:\diagramproject\pgm\diagram\x64\release\probabilitywidget.obj
e:\diagramproject\pgm\diagram\x64\release\pgmnode.obj
e:\diagramproject\pgm\diagram\x64\release\penwidget.obj
e:\diagramproject\pgm\diagram\x64\release\myvisview.obj
e:\diagramproject\pgm\diagram\x64\release\myvisscene.obj
e:\diagramproject\pgm\diagram\x64\release\mygraphicsview.obj
e:\diagramproject\pgm\diagram\x64\release\main.obj
e:\diagramproject\pgm\diagram\x64\release\layeritemlist.obj
e:\diagramproject\pgm\diagram\x64\release\layerswidget.obj
e:\diagramproject\pgm\diagram\x64\release\moc_mygraphicsview.obj
e:\diagramproject\pgm\diagram\x64\release\mainwindow.obj
e:\diagramproject\pgm\diagram\x64\release\locationwidget.obj
e:\diagramproject\pgm\diagram\x64\release\qrc_diagram.obj
e:\diagramproject\pgm\diagram\generatedfiles\release\moc_switchwidget.cpp
e:\diagramproject\pgm\diagram\generatedfiles\release\moc_linkpropertywidget.cpp
e:\diagramproject\pgm\diagram\generatedfiles\release\moc_arcwidget.cpp
e:\diagramproject\pgm\diagram\generatedfiles\release\moc_bgarc.cpp
e:\diagramproject\pgm\diagram\generatedfiles\release\moc_bggroup.cpp
e:\diagramproject\pgm\diagram\generatedfiles\release\moc_bglink.cpp
e:\diagramproject\pgm\diagram\generatedfiles\release\moc_bgrectbase.cpp
e:\diagramproject\pgm\diagram\generatedfiles\release\moc_transformwidget.cpp
e:\diagramproject\pgm\diagram\generatedfiles\release\moc_ibasicgraphicitem.cpp
e:\diagramproject\pgm\diagram\generatedfiles\release\moc_penwidget.cpp
e:\diagramproject\pgm\diagram\generatedfiles\release\moc_iabstractitem.cpp
e:\diagramproject\pgm\diagram\generatedfiles\release\moc_geometrywidget.cpp
e:\diagramproject\pgm\diagram\generatedfiles\release\moc_groupwidget.cpp
e:\diagramproject\pgm\diagram\generatedfiles\release\moc_datawidget.cpp
e:\diagramproject\pgm\diagram\generatedfiles\release\moc_locationwidget.cpp
e:\diagramproject\pgm\diagram\generatedfiles\release\moc_brushwidget.cpp
e:\diagramproject\pgm\diagram\generatedfiles\release\moc_layeritemlist.cpp
e:\diagramproject\pgm\diagram\generatedfiles\release\moc_layerswidget.cpp
e:\diagramproject\pgm\diagram\generatedfiles\release\moc_mygraphicsview.cpp
e:\diagramproject\pgm\diagram\generatedfiles\release\moc_mainwindow.cpp
e:\diagramproject\pgm\diagram\generatedfiles\qrc_diagram.cpp
e:\diagramproject\pgm\x64\release\pgm.exe
e:\qt project\diagramproject\pgm\diagram\x64\release\arcwidget.obj
e:\qt project\diagramproject\pgm\diagram\x64\release\bgarc.obj
e:\qt project\diagramproject\pgm\diagram\x64\release\bgarea.obj
e:\qt project\diagramproject\pgm\diagram\x64\release\bggroup.obj
e:\qt project\diagramproject\pgm\diagram\x64\release\bgline.obj
e:\qt project\diagramproject\pgm\diagram\x64\release\bglink.obj
e:\qt project\diagramproject\pgm\diagram\x64\release\bgpolygon.obj
e:\qt project\diagramproject\pgm\diagram\x64\release\bgrect.obj
e:\qt project\diagramproject\pgm\diagram\x64\release\bgrectangletext.obj
e:\qt project\diagramproject\pgm\diagram\x64\release\bgrectbase.obj
e:\qt project\diagramproject\pgm\diagram\x64\release\bgsphere.obj
e:\qt project\diagramproject\pgm\diagram\x64\release\bgspheretext.obj
e:\qt project\diagramproject\pgm\diagram\x64\release\bgtextbase.obj
e:\qt project\diagramproject\pgm\diagram\x64\release\brushwidget.obj
e:\qt project\diagramproject\pgm\diagram\x64\release\datawidget.obj
e:\qt project\diagramproject\pgm\diagram\x64\release\geometrywidget.obj
e:\qt project\diagramproject\pgm\diagram\x64\release\groupwidget.obj
e:\qt project\diagramproject\pgm\diagram\x64\release\iabstractitem.obj
e:\qt project\diagramproject\pgm\diagram\x64\release\ibasicgraphicitem.obj
e:\qt project\diagramproject\pgm\diagram\x64\release\iidinterface.obj
e:\qt project\diagramproject\pgm\diagram\x64\release\layeritemlist.obj
e:\qt project\diagramproject\pgm\diagram\x64\release\layerswidget.obj
e:\qt project\diagramproject\pgm\diagram\x64\release\linkpropertywidget.obj
e:\qt project\diagramproject\pgm\diagram\x64\release\locationwidget.obj
e:\qt project\diagramproject\pgm\diagram\x64\release\main.obj
e:\qt project\diagramproject\pgm\diagram\x64\release\mainwindow.obj
e:\qt project\diagramproject\pgm\diagram\x64\release\moc_arcwidget.obj
e:\qt project\diagramproject\pgm\diagram\x64\release\moc_bgarc.obj
e:\qt project\diagramproject\pgm\diagram\x64\release\moc_bggroup.obj
e:\qt project\diagramproject\pgm\diagram\x64\release\moc_bglink.obj
e:\qt project\diagramproject\pgm\diagram\x64\release\moc_bgrectbase.obj
e:\qt project\diagramproject\pgm\diagram\x64\release\moc_brushwidget.obj
e:\qt project\diagramproject\pgm\diagram\x64\release\moc_datawidget.obj
e:\qt project\diagramproject\pgm\diagram\x64\release\moc_geometrywidget.obj
e:\qt project\diagramproject\pgm\diagram\x64\release\moc_groupwidget.obj
e:\qt project\diagramproject\pgm\diagram\x64\release\moc_iabstractitem.obj
e:\qt project\diagramproject\pgm\diagram\x64\release\moc_ibasicgraphicitem.obj
e:\qt project\diagramproject\pgm\diagram\x64\release\moc_layeritemlist.obj
e:\qt project\diagramproject\pgm\diagram\x64\release\moc_layerswidget.obj
e:\qt project\diagramproject\pgm\diagram\x64\release\moc_linkpropertywidget.obj
e:\qt project\diagramproject\pgm\diagram\x64\release\moc_locationwidget.obj
e:\qt project\diagramproject\pgm\diagram\x64\release\moc_mainwindow.obj
e:\qt project\diagramproject\pgm\diagram\x64\release\moc_mygraphicsview.obj
e:\qt project\diagramproject\pgm\diagram\x64\release\moc_penwidget.obj
e:\qt project\diagramproject\pgm\diagram\x64\release\moc_switchwidget.obj
e:\qt project\diagramproject\pgm\diagram\x64\release\moc_transformwidget.obj
e:\qt project\diagramproject\pgm\diagram\x64\release\mygraphicsview.obj
e:\qt project\diagramproject\pgm\diagram\x64\release\myvisscene.obj
e:\qt project\diagramproject\pgm\diagram\x64\release\myvisview.obj
e:\qt project\diagramproject\pgm\diagram\x64\release\penwidget.obj
e:\qt project\diagramproject\pgm\diagram\x64\release\pgmnode.obj
e:\qt project\diagramproject\pgm\diagram\x64\release\probabilitywidget.obj
e:\qt project\diagramproject\pgm\diagram\x64\release\qrc_diagram.obj
e:\qt project\diagramproject\pgm\diagram\x64\release\swatch.obj
e:\qt project\diagramproject\pgm\diagram\x64\release\switchwidget.obj
e:\qt project\diagramproject\pgm\diagram\x64\release\transformwidget.obj
e:\qt project\diagramproject\pgm\diagram\x64\release\xgswitch.obj
e:\qt project\diagramproject\pgm\x64\release\pgm.exe
e:\qt project\diagramproject\pgm\diagram\x64\release\pgm.tlog\cl.command.1.tlog
e:\qt project\diagramproject\pgm\diagram\x64\release\pgm.tlog\cl.read.1.tlog
e:\qt project\diagramproject\pgm\diagram\x64\release\pgm.tlog\cl.write.1.tlog
e:\qt project\diagramproject\pgm\diagram\x64\release\pgm.tlog\custombuild.command.1.tlog
e:\qt project\diagramproject\pgm\diagram\x64\release\pgm.tlog\custombuild.read.1.tlog
e:\qt project\diagramproject\pgm\diagram\x64\release\pgm.tlog\custombuild.write.1.tlog
e:\qt project\diagramproject\pgm\diagram\x64\release\pgm.tlog\link.command.1.tlog
e:\qt project\diagramproject\pgm\diagram\x64\release\pgm.tlog\link.read.1.tlog
e:\qt project\diagramproject\pgm\diagram\x64\release\pgm.tlog\link.write.1.tlog
