f:\project\graphicelementsarrangement\diagram\x64\debug\vc120.pdb
f:\project\graphicelementsarrangement\diagram\x64\debug\moc_geometrywidget.obj
f:\project\graphicelementsarrangement\diagram\x64\debug\moc_datawidget.obj
f:\project\graphicelementsarrangement\diagram\x64\debug\moc_brushwidget.obj
f:\project\graphicelementsarrangement\diagram\x64\debug\moc_bgrectbase.obj
f:\project\graphicelementsarrangement\diagram\x64\debug\moc_bglink.obj
f:\project\graphicelementsarrangement\diagram\x64\debug\moc_bggroup.obj
f:\project\graphicelementsarrangement\diagram\x64\debug\moc_bgarc.obj
f:\project\graphicelementsarrangement\diagram\x64\debug\moc_arcwidget.obj
f:\project\graphicelementsarrangement\diagram\x64\debug\datawidget.obj
f:\project\graphicelementsarrangement\diagram\x64\debug\brushwidget.obj
f:\project\graphicelementsarrangement\diagram\x64\debug\bgtext.obj
f:\project\graphicelementsarrangement\diagram\x64\debug\bgsphere.obj
f:\project\graphicelementsarrangement\diagram\x64\debug\bgrectbase.obj
f:\project\graphicelementsarrangement\diagram\x64\debug\bgrect.obj
f:\project\graphicelementsarrangement\diagram\x64\debug\bgpolygon.obj
f:\project\graphicelementsarrangement\diagram\x64\debug\bglink.obj
f:\project\graphicelementsarrangement\diagram\x64\debug\bgline.obj
f:\project\graphicelementsarrangement\diagram\x64\debug\bggroup.obj
f:\project\graphicelementsarrangement\diagram\x64\debug\bgarc.obj
f:\project\graphicelementsarrangement\diagram\x64\debug\arcwidget.obj
f:\project\graphicelementsarrangement\diagram\x64\debug\layeritemlist.obj
f:\project\graphicelementsarrangement\diagram\x64\debug\layerswidget.obj
f:\project\graphicelementsarrangement\diagram\x64\debug\moc_mygraphicsview.obj
f:\project\graphicelementsarrangement\diagram\x64\debug\mainwindow.obj
f:\project\graphicelementsarrangement\diagram\x64\debug\locationwidget.obj
f:\project\graphicelementsarrangement\diagram\x64\debug\iidinterface.obj
f:\project\graphicelementsarrangement\diagram\x64\debug\ibasicgraphicitem.obj
f:\project\graphicelementsarrangement\diagram\x64\debug\iabstractitem.obj
f:\project\graphicelementsarrangement\diagram\x64\debug\groupwidget.obj
f:\project\graphicelementsarrangement\diagram\x64\debug\geometrywidget.obj
f:\project\graphicelementsarrangement\diagram\x64\debug\moc_transformwidget.obj
f:\project\graphicelementsarrangement\diagram\x64\debug\moc_switchwidget.obj
f:\project\graphicelementsarrangement\diagram\x64\debug\moc_penwidget.obj
f:\project\graphicelementsarrangement\diagram\x64\debug\moc_mainwindow.obj
f:\project\graphicelementsarrangement\diagram\x64\debug\moc_locationwidget.obj
f:\project\graphicelementsarrangement\diagram\x64\debug\moc_layerswidget.obj
f:\project\graphicelementsarrangement\diagram\x64\debug\moc_layeritemlist.obj
f:\project\graphicelementsarrangement\diagram\x64\debug\moc_ibasicgraphicitem.obj
f:\project\graphicelementsarrangement\diagram\x64\debug\moc_iabstractitem.obj
f:\project\graphicelementsarrangement\diagram\x64\debug\moc_groupwidget.obj
f:\project\graphicelementsarrangement\diagram\x64\debug\xgswitch.obj
f:\project\graphicelementsarrangement\diagram\x64\debug\transformwidget.obj
f:\project\graphicelementsarrangement\diagram\x64\debug\switchwidget.obj
f:\project\graphicelementsarrangement\diagram\x64\debug\swatch.obj
f:\project\graphicelementsarrangement\diagram\x64\debug\penwidget.obj
f:\project\graphicelementsarrangement\diagram\x64\debug\mygraphicsview.obj
f:\project\graphicelementsarrangement\diagram\x64\debug\main.obj
f:\project\graphicelementsarrangement\diagram\x64\debug\qrc_diagram.obj
f:\project\graphicelementsarrangement\diagram\generatedfiles\debug\moc_switchwidget.cpp
f:\project\graphicelementsarrangement\diagram\generatedfiles\debug\moc_arcwidget.cpp
f:\project\graphicelementsarrangement\diagram\generatedfiles\debug\moc_bgarc.cpp
f:\project\graphicelementsarrangement\diagram\generatedfiles\debug\moc_bglink.cpp
f:\project\graphicelementsarrangement\diagram\generatedfiles\debug\moc_bgrectbase.cpp
f:\project\graphicelementsarrangement\diagram\generatedfiles\debug\moc_transformwidget.cpp
f:\project\graphicelementsarrangement\diagram\generatedfiles\debug\moc_penwidget.cpp
f:\project\graphicelementsarrangement\diagram\generatedfiles\debug\moc_geometrywidget.cpp
f:\project\graphicelementsarrangement\diagram\generatedfiles\debug\moc_groupwidget.cpp
f:\project\graphicelementsarrangement\diagram\generatedfiles\debug\moc_datawidget.cpp
f:\project\graphicelementsarrangement\diagram\generatedfiles\debug\moc_locationwidget.cpp
f:\project\graphicelementsarrangement\diagram\generatedfiles\debug\moc_brushwidget.cpp
f:\project\graphicelementsarrangement\diagram\generatedfiles\debug\moc_layeritemlist.cpp
f:\project\graphicelementsarrangement\diagram\generatedfiles\debug\moc_layerswidget.cpp
f:\project\graphicelementsarrangement\diagram\generatedfiles\debug\moc_mygraphicsview.cpp
f:\project\graphicelementsarrangement\diagram\generatedfiles\qrc_diagram.cpp
f:\project\graphicelementsarrangement\diagram\generatedfiles\debug\moc_mainwindow.cpp
f:\project\graphicelementsarrangement\diagram\generatedfiles\debug\moc_ibasicgraphicitem.cpp
f:\project\graphicelementsarrangement\diagram\generatedfiles\debug\moc_bggroup.cpp
f:\project\graphicelementsarrangement\diagram\generatedfiles\debug\moc_iabstractitem.cpp
f:\project\graphicelementsarrangement\x64\debug\graphicelementsarrangement.ilk
f:\project\graphicelementsarrangement\x64\debug\graphicelementsarrangement.exe
f:\project\graphicelementsarrangement\x64\debug\graphicelementsarrangement.pdb
f:\project\graphicelementsarrangement\diagram\x64\debug\graphice.b12702ad.tlog\cl.command.1.tlog
f:\project\graphicelementsarrangement\diagram\x64\debug\graphice.b12702ad.tlog\cl.read.1.tlog
f:\project\graphicelementsarrangement\diagram\x64\debug\graphice.b12702ad.tlog\cl.write.1.tlog
f:\project\graphicelementsarrangement\diagram\x64\debug\graphice.b12702ad.tlog\custombuild.command.1.tlog
f:\project\graphicelementsarrangement\diagram\x64\debug\graphice.b12702ad.tlog\custombuild.read.1.tlog
f:\project\graphicelementsarrangement\diagram\x64\debug\graphice.b12702ad.tlog\custombuild.write.1.tlog
f:\project\graphicelementsarrangement\diagram\x64\debug\graphice.b12702ad.tlog\link.command.1.tlog
f:\project\graphicelementsarrangement\diagram\x64\debug\graphice.b12702ad.tlog\link.read.1.tlog
f:\project\graphicelementsarrangement\diagram\x64\debug\graphice.b12702ad.tlog\link.write.1.tlog
