e:\20150703\polygon\diagram\x64\debug\vc120.pdb
e:\20150703\polygon\diagram\x64\debug\moc_geometrywidget.obj
e:\20150703\polygon\diagram\x64\debug\moc_datawidget.obj
e:\20150703\polygon\diagram\x64\debug\moc_brushwidget.obj
e:\20150703\polygon\diagram\x64\debug\moc_bgrectbase.obj
e:\20150703\polygon\diagram\x64\debug\moc_bglink.obj
e:\20150703\polygon\diagram\x64\debug\moc_bggroup.obj
e:\20150703\polygon\diagram\x64\debug\moc_bgarc.obj
e:\20150703\polygon\diagram\x64\debug\moc_arcwidget.obj
e:\20150703\polygon\diagram\x64\debug\datawidget.obj
e:\20150703\polygon\diagram\x64\debug\brushwidget.obj
e:\20150703\polygon\diagram\x64\debug\bgtext.obj
e:\20150703\polygon\diagram\x64\debug\bgsphere.obj
e:\20150703\polygon\diagram\x64\debug\bgrectbase.obj
e:\20150703\polygon\diagram\x64\debug\bgrect.obj
e:\20150703\polygon\diagram\x64\debug\bgpolygon.obj
e:\20150703\polygon\diagram\x64\debug\bglink.obj
e:\20150703\polygon\diagram\x64\debug\bgline.obj
e:\20150703\polygon\diagram\x64\debug\bggroup.obj
e:\20150703\polygon\diagram\x64\debug\bgarc.obj
e:\20150703\polygon\diagram\x64\debug\arcwidget.obj
e:\20150703\polygon\diagram\x64\debug\layeritemlist.obj
e:\20150703\polygon\diagram\x64\debug\layerswidget.obj
e:\20150703\polygon\diagram\x64\debug\moc_mygraphicsview.obj
e:\20150703\polygon\diagram\x64\debug\mainwindow.obj
e:\20150703\polygon\diagram\x64\debug\locationwidget.obj
e:\20150703\polygon\diagram\x64\debug\iidinterface.obj
e:\20150703\polygon\diagram\x64\debug\ibasicgraphicitem.obj
e:\20150703\polygon\diagram\x64\debug\iabstractitem.obj
e:\20150703\polygon\diagram\x64\debug\groupwidget.obj
e:\20150703\polygon\diagram\x64\debug\geometrywidget.obj
e:\20150703\polygon\diagram\x64\debug\moc_transformwidget.obj
e:\20150703\polygon\diagram\x64\debug\moc_switchwidget.obj
e:\20150703\polygon\diagram\x64\debug\moc_penwidget.obj
e:\20150703\polygon\diagram\x64\debug\moc_mainwindow.obj
e:\20150703\polygon\diagram\x64\debug\moc_locationwidget.obj
e:\20150703\polygon\diagram\x64\debug\moc_layerswidget.obj
e:\20150703\polygon\diagram\x64\debug\moc_layeritemlist.obj
e:\20150703\polygon\diagram\x64\debug\moc_ibasicgraphicitem.obj
e:\20150703\polygon\diagram\x64\debug\moc_iabstractitem.obj
e:\20150703\polygon\diagram\x64\debug\moc_groupwidget.obj
e:\20150703\polygon\diagram\x64\debug\xgswitch.obj
e:\20150703\polygon\diagram\x64\debug\transformwidget.obj
e:\20150703\polygon\diagram\x64\debug\switchwidget.obj
e:\20150703\polygon\diagram\x64\debug\swatch.obj
e:\20150703\polygon\diagram\x64\debug\penwidget.obj
e:\20150703\polygon\diagram\x64\debug\mygraphicsview.obj
e:\20150703\polygon\diagram\x64\debug\main.obj
e:\20150703\polygon\diagram\x64\debug\qrc_diagram.obj
e:\20150703\polygon\diagram\generatedfiles\debug\moc_switchwidget.cpp
e:\20150703\polygon\diagram\generatedfiles\debug\moc_arcwidget.cpp
e:\20150703\polygon\diagram\generatedfiles\debug\moc_bgarc.cpp
e:\20150703\polygon\diagram\generatedfiles\debug\moc_bggroup.cpp
e:\20150703\polygon\diagram\generatedfiles\debug\moc_bglink.cpp
e:\20150703\polygon\diagram\generatedfiles\debug\moc_bgrectbase.cpp
e:\20150703\polygon\diagram\generatedfiles\debug\moc_transformwidget.cpp
e:\20150703\polygon\diagram\generatedfiles\debug\moc_ibasicgraphicitem.cpp
e:\20150703\polygon\diagram\generatedfiles\debug\moc_penwidget.cpp
e:\20150703\polygon\diagram\generatedfiles\debug\moc_iabstractitem.cpp
e:\20150703\polygon\diagram\generatedfiles\debug\moc_geometrywidget.cpp
e:\20150703\polygon\diagram\generatedfiles\debug\moc_groupwidget.cpp
e:\20150703\polygon\diagram\generatedfiles\debug\moc_datawidget.cpp
e:\20150703\polygon\diagram\generatedfiles\debug\moc_locationwidget.cpp
e:\20150703\polygon\diagram\generatedfiles\debug\moc_brushwidget.cpp
e:\20150703\polygon\diagram\generatedfiles\debug\moc_layeritemlist.cpp
e:\20150703\polygon\diagram\generatedfiles\debug\moc_layerswidget.cpp
e:\20150703\polygon\diagram\generatedfiles\debug\moc_mygraphicsview.cpp
e:\20150703\polygon\diagram\generatedfiles\debug\moc_mainwindow.cpp
e:\20150703\polygon\diagram\generatedfiles\qrc_diagram.cpp
e:\20150703\polygon\x64\debug\polygon.ilk
e:\20150703\polygon\x64\debug\polygon.exe
e:\20150703\polygon\x64\debug\polygon.pdb
e:\20150703\polygon\diagram\x64\debug\polygon.tlog\cl.command.1.tlog
e:\20150703\polygon\diagram\x64\debug\polygon.tlog\cl.read.1.tlog
e:\20150703\polygon\diagram\x64\debug\polygon.tlog\cl.write.1.tlog
e:\20150703\polygon\diagram\x64\debug\polygon.tlog\custombuild.command.1.tlog
e:\20150703\polygon\diagram\x64\debug\polygon.tlog\custombuild.read.1.tlog
e:\20150703\polygon\diagram\x64\debug\polygon.tlog\custombuild.write.1.tlog
e:\20150703\polygon\diagram\x64\debug\polygon.tlog\link.command.1.tlog
e:\20150703\polygon\diagram\x64\debug\polygon.tlog\link.read.1.tlog
e:\20150703\polygon\diagram\x64\debug\polygon.tlog\link.write.1.tlog
